build/app/intermediates/manifest_merge_blame_file/debug/manifest-merger-blame-debug-report.txt
1<?xml version="1.0" encoding="utf-8"?>
2<manifest xmlns:android="http://schemas.android.com/apk/res/android"
3    package="com.example.shop_admin"
4    android:versionCode="1"
5    android:versionName="1.0.0" >
6
7    <uses-sdk
8        android:minSdkVersion="19"
9        android:targetSdkVersion="31" />
10    <!--
11         Flutter needs it to communicate with the running application
12         to allow setting breakpoints, to provide hot reload, etc.
13    -->
14    <uses-permission android:name="android.permission.INTERNET" />
14-->src\debug\AndroidManifest.xml:6:5-66
14-->src\debug\AndroidManifest.xml:6:22-64
15    <uses-permission android:name="android.permission.RECEIVE_BOOT_COMPLETED" />
15-->[:flutter_local_notifications] AndroidManifest.xml:7:5-81
15-->[:flutter_local_notifications] AndroidManifest.xml:7:22-78
16    <uses-permission android:name="android.permission.VIBRATE" />
16-->[:flutter_local_notifications] AndroidManifest.xml:8:5-66
16-->[:flutter_local_notifications] AndroidManifest.xml:8:22-63
17    <uses-permission android:name="android.permission.USE_FULL_SCREEN_INTENT" />
17-->[:flutter_local_notifications] AndroidManifest.xml:9:5-81
17-->[:flutter_local_notifications] AndroidManifest.xml:9:22-78
18    <uses-permission android:name="android.permission.SCHEDULE_EXACT_ALARM" />
18-->[:flutter_local_notifications] AndroidManifest.xml:10:5-79
18-->[:flutter_local_notifications] AndroidManifest.xml:10:22-76
19    <uses-permission android:name="android.permission.ACCESS_NETWORK_STATE" />
19-->[com.google.firebase:firebase-auth:21.0.6] AndroidManifest.xml:24:5-79
19-->[com.google.firebase:firebase-auth:21.0.6] AndroidManifest.xml:24:22-76
20    <uses-permission android:name="android.permission.WAKE_LOCK" />
20-->[com.google.android.gms:play-services-measurement-api:21.1.0] AndroidManifest.xml:24:5-68
20-->[com.google.android.gms:play-services-measurement-api:21.1.0] AndroidManifest.xml:24:22-65
21    <uses-permission android:name="com.google.android.gms.permission.AD_ID" />
21-->[com.google.android.gms:play-services-measurement-api:21.1.0] AndroidManifest.xml:25:5-79
21-->[com.google.android.gms:play-services-measurement-api:21.1.0] AndroidManifest.xml:25:22-76
22    <uses-permission android:name="com.google.android.finsky.permission.BIND_GET_INSTALL_REFERRER_SERVICE" />
22-->[com.google.android.gms:play-services-measurement:21.1.0] AndroidManifest.xml:26:5-110
22-->[com.google.android.gms:play-services-measurement:21.1.0] AndroidManifest.xml:26:22-107
23
24    <application
25        android:name="io.flutter.app.FlutterMultiDexApplication"
26        android:appComponentFactory="androidx.core.app.CoreComponentFactory"
26-->[androidx.core:core:1.6.0] AndroidManifest.xml:24:18-86
27        android:debuggable="true"
28        android:icon="@mipmap/ic_launcher"
29        android:label="admin_app" >
30        <activity
31            android:name="com.example.admin_app.MainActivity"
32            android:configChanges="orientation|keyboardHidden|keyboard|screenSize|smallestScreenSize|locale|layoutDirection|fontScale|screenLayout|density|uiMode"
33            android:exported="true"
34            android:hardwareAccelerated="true"
35            android:launchMode="singleTop"
36            android:theme="@style/LaunchTheme"
37            android:windowSoftInputMode="adjustResize" >
38
39            <!--
40                 Specifies an Android theme to apply to this Activity as soon as
41                 the Android process has started. This theme is visible to the user
42                 while the Flutter UI initializes. After that, this theme continues
43                 to determine the Window background behind the Flutter UI.
44            -->
45            <meta-data
46                android:name="io.flutter.embedding.android.NormalTheme"
47                android:resource="@style/NormalTheme" />
48
49            <intent-filter>
50                <action android:name="android.intent.action.MAIN" />
51
52                <category android:name="android.intent.category.LAUNCHER" />
53            </intent-filter>
54        </activity>
55        <!--
56             Don't delete the meta-data below.
57             This is used by the Flutter tool to generate GeneratedPluginRegistrant.java
58        -->
59        <meta-data
60            android:name="flutterEmbedding"
61            android:value="2" />
62
63        <service
63-->[:firebase_auth] AndroidManifest.xml:8:9-12:19
64            android:name="com.google.firebase.components.ComponentDiscoveryService"
64-->[:firebase_auth] AndroidManifest.xml:8:18-89
65            android:directBootAware="true"
65-->[com.google.firebase:firebase-common:20.1.1] AndroidManifest.xml:35:13-43
66            android:exported="false" >
66-->[com.google.firebase:firebase-auth:21.0.6] AndroidManifest.xml:66:13-37
67            <meta-data
67-->[:firebase_auth] AndroidManifest.xml:9:13-11:85
68                android:name="com.google.firebase.components:io.flutter.plugins.firebase.auth.FlutterFirebaseAuthRegistrar"
68-->[:firebase_auth] AndroidManifest.xml:10:17-124
69                android:value="com.google.firebase.components.ComponentRegistrar" />
69-->[:firebase_auth] AndroidManifest.xml:11:17-82
70            <meta-data
70-->[:firebase_storage] AndroidManifest.xml:9:13-11:85
71                android:name="com.google.firebase.components:io.flutter.plugins.firebase.storage.FlutterFirebaseAppRegistrar"
71-->[:firebase_storage] AndroidManifest.xml:10:17-126
72                android:value="com.google.firebase.components.ComponentRegistrar" />
72-->[:firebase_storage] AndroidManifest.xml:11:17-82
73            <meta-data
73-->[:cloud_firestore] AndroidManifest.xml:9:13-11:85
74                android:name="com.google.firebase.components:io.flutter.plugins.firebase.firestore.FlutterFirebaseFirestoreRegistrar"
74-->[:cloud_firestore] AndroidManifest.xml:10:17-134
75                android:value="com.google.firebase.components.ComponentRegistrar" />
75-->[:cloud_firestore] AndroidManifest.xml:11:17-82
76            <meta-data
76-->[:firebase_core] AndroidManifest.xml:9:13-11:85
77                android:name="com.google.firebase.components:io.flutter.plugins.firebase.core.FlutterFirebaseCoreRegistrar"
77-->[:firebase_core] AndroidManifest.xml:10:17-124
78                android:value="com.google.firebase.components.ComponentRegistrar" />
78-->[:firebase_core] AndroidManifest.xml:11:17-82
79            <meta-data
79-->[com.google.firebase:firebase-auth:21.0.6] AndroidManifest.xml:67:13-69:85
80                android:name="com.google.firebase.components:com.google.firebase.auth.FirebaseAuthRegistrar"
80-->[com.google.firebase:firebase-auth:21.0.6] AndroidManifest.xml:68:17-109
81                android:value="com.google.firebase.components.ComponentRegistrar" />
81-->[com.google.firebase:firebase-auth:21.0.6] AndroidManifest.xml:69:17-82
82            <meta-data
82-->[com.google.firebase:firebase-firestore:24.2.1] AndroidManifest.xml:20:13-22:85
83                android:name="com.google.firebase.components:com.google.firebase.firestore.FirestoreRegistrar"
83-->[com.google.firebase:firebase-firestore:24.2.1] AndroidManifest.xml:21:17-111
84                android:value="com.google.firebase.components.ComponentRegistrar" />
84-->[com.google.firebase:firebase-firestore:24.2.1] AndroidManifest.xml:22:17-82
85            <meta-data
85-->[com.google.firebase:firebase-storage:20.0.1] AndroidManifest.xml:33:13-35:85
86                android:name="com.google.firebase.components:com.google.firebase.storage.StorageRegistrar"
86-->[com.google.firebase:firebase-storage:20.0.1] AndroidManifest.xml:34:17-107
87                android:value="com.google.firebase.components.ComponentRegistrar" />
87-->[com.google.firebase:firebase-storage:20.0.1] AndroidManifest.xml:35:17-82
88            <meta-data
88-->[com.google.android.gms:play-services-measurement-api:21.1.0] AndroidManifest.xml:31:13-33:85
89                android:name="com.google.firebase.components:com.google.firebase.analytics.connector.internal.AnalyticsConnectorRegistrar"
89-->[com.google.android.gms:play-services-measurement-api:21.1.0] AndroidManifest.xml:32:17-139
90                android:value="com.google.firebase.components.ComponentRegistrar" />
90-->[com.google.android.gms:play-services-measurement-api:21.1.0] AndroidManifest.xml:33:17-82
91            <meta-data
91-->[com.google.firebase:firebase-installations:17.0.1] AndroidManifest.xml:18:13-20:85
92                android:name="com.google.firebase.components:com.google.firebase.installations.FirebaseInstallationsRegistrar"
92-->[com.google.firebase:firebase-installations:17.0.1] AndroidManifest.xml:19:17-127
93                android:value="com.google.firebase.components.ComponentRegistrar" />
93-->[com.google.firebase:firebase-installations:17.0.1] AndroidManifest.xml:20:17-82
94        </service>
95
96        <provider
96-->[:image_picker] AndroidManifest.xml:8:9-16:20
97            android:name="io.flutter.plugins.imagepicker.ImagePickerFileProvider"
97-->[:image_picker] AndroidManifest.xml:9:13-82
98            android:authorities="com.example.shop_admin.flutter.image_provider"
98-->[:image_picker] AndroidManifest.xml:10:13-74
99            android:exported="false"
99-->[:image_picker] AndroidManifest.xml:11:13-37
100            android:grantUriPermissions="true" >
100-->[:image_picker] AndroidManifest.xml:12:13-47
101            <meta-data
101-->[:image_picker] AndroidManifest.xml:13:13-15:75
102                android:name="android.support.FILE_PROVIDER_PATHS"
102-->[:image_picker] AndroidManifest.xml:14:17-67
103                android:resource="@xml/flutter_image_picker_file_paths" />
103-->[:image_picker] AndroidManifest.xml:15:17-72
104        </provider>
105
106        <receiver
106-->[:flutter_local_notifications] AndroidManifest.xml:13:9-15:40
107            android:name="com.dexterous.flutterlocalnotifications.ScheduledNotificationReceiver"
107-->[:flutter_local_notifications] AndroidManifest.xml:14:13-97
108            android:exported="false" />
108-->[:flutter_local_notifications] AndroidManifest.xml:15:13-37
109        <receiver
109-->[:flutter_local_notifications] AndroidManifest.xml:16:9-25:20
110            android:name="com.dexterous.flutterlocalnotifications.ScheduledNotificationBootReceiver"
110-->[:flutter_local_notifications] AndroidManifest.xml:17:13-101
111            android:exported="false" >
111-->[:flutter_local_notifications] AndroidManifest.xml:18:13-37
112            <intent-filter>
112-->[:flutter_local_notifications] AndroidManifest.xml:19:13-24:29
113                <action android:name="android.intent.action.BOOT_COMPLETED" />
113-->[:flutter_local_notifications] AndroidManifest.xml:20:17-79
113-->[:flutter_local_notifications] AndroidManifest.xml:20:25-76
114                <action android:name="android.intent.action.MY_PACKAGE_REPLACED" />
114-->[:flutter_local_notifications] AndroidManifest.xml:21:17-84
114-->[:flutter_local_notifications] AndroidManifest.xml:21:25-81
115                <action android:name="android.intent.action.QUICKBOOT_POWERON" />
115-->[:flutter_local_notifications] AndroidManifest.xml:22:17-82
115-->[:flutter_local_notifications] AndroidManifest.xml:22:25-79
116                <action android:name="com.htc.intent.action.QUICKBOOT_POWERON" />
116-->[:flutter_local_notifications] AndroidManifest.xml:23:17-82
116-->[:flutter_local_notifications] AndroidManifest.xml:23:25-79
117            </intent-filter>
118        </receiver>
119
120        <uses-library
120-->[androidx.window:window:1.0.0-beta04] AndroidManifest.xml:25:9-27:40
121            android:name="androidx.window.extensions"
121-->[androidx.window:window:1.0.0-beta04] AndroidManifest.xml:26:13-54
122            android:required="false" />
122-->[androidx.window:window:1.0.0-beta04] AndroidManifest.xml:27:13-37
123        <uses-library
123-->[androidx.window:window:1.0.0-beta04] AndroidManifest.xml:28:9-30:40
124            android:name="androidx.window.sidecar"
124-->[androidx.window:window:1.0.0-beta04] AndroidManifest.xml:29:13-51
125            android:required="false" />
125-->[androidx.window:window:1.0.0-beta04] AndroidManifest.xml:30:13-37
126
127        <activity
127-->[com.google.firebase:firebase-auth:21.0.6] AndroidManifest.xml:27:9-44:20
128            android:name="com.google.firebase.auth.internal.GenericIdpActivity"
128-->[com.google.firebase:firebase-auth:21.0.6] AndroidManifest.xml:28:13-80
129            android:excludeFromRecents="true"
129-->[com.google.firebase:firebase-auth:21.0.6] AndroidManifest.xml:29:13-46
130            android:exported="true"
130-->[com.google.firebase:firebase-auth:21.0.6] AndroidManifest.xml:30:13-36
131            android:launchMode="singleTask"
131-->[com.google.firebase:firebase-auth:21.0.6] AndroidManifest.xml:31:13-44
132            android:theme="@android:style/Theme.Translucent.NoTitleBar" >
132-->[com.google.firebase:firebase-auth:21.0.6] AndroidManifest.xml:32:13-72
133            <intent-filter>
133-->[com.google.firebase:firebase-auth:21.0.6] AndroidManifest.xml:33:13-43:29
134                <action android:name="android.intent.action.VIEW" />
134-->[com.google.firebase:firebase-auth:21.0.6] AndroidManifest.xml:34:17-69
134-->[com.google.firebase:firebase-auth:21.0.6] AndroidManifest.xml:34:25-66
135
136                <category android:name="android.intent.category.DEFAULT" />
136-->[com.google.firebase:firebase-auth:21.0.6] AndroidManifest.xml:36:17-76
136-->[com.google.firebase:firebase-auth:21.0.6] AndroidManifest.xml:36:27-73
137                <category android:name="android.intent.category.BROWSABLE" />
137-->[com.google.firebase:firebase-auth:21.0.6] AndroidManifest.xml:37:17-78
137-->[com.google.firebase:firebase-auth:21.0.6] AndroidManifest.xml:37:27-75
138
139                <data
139-->[com.google.firebase:firebase-auth:21.0.6] AndroidManifest.xml:39:17-42:51
140                    android:host="firebase.auth"
140-->[com.google.firebase:firebase-auth:21.0.6] AndroidManifest.xml:40:21-49
141                    android:path="/"
141-->[com.google.firebase:firebase-auth:21.0.6] AndroidManifest.xml:41:21-37
142                    android:scheme="genericidp" />
142-->[com.google.firebase:firebase-auth:21.0.6] AndroidManifest.xml:42:21-48
143            </intent-filter>
144        </activity>
145        <activity
145-->[com.google.firebase:firebase-auth:21.0.6] AndroidManifest.xml:45:9-62:20
146            android:name="com.google.firebase.auth.internal.RecaptchaActivity"
146-->[com.google.firebase:firebase-auth:21.0.6] AndroidManifest.xml:46:13-79
147            android:excludeFromRecents="true"
147-->[com.google.firebase:firebase-auth:21.0.6] AndroidManifest.xml:47:13-46
148            android:exported="true"
148-->[com.google.firebase:firebase-auth:21.0.6] AndroidManifest.xml:48:13-36
149            android:launchMode="singleTask"
149-->[com.google.firebase:firebase-auth:21.0.6] AndroidManifest.xml:49:13-44
150            android:theme="@android:style/Theme.Translucent.NoTitleBar" >
150-->[com.google.firebase:firebase-auth:21.0.6] AndroidManifest.xml:50:13-72
151            <intent-filter>
151-->[com.google.firebase:firebase-auth:21.0.6] AndroidManifest.xml:51:13-61:29
152                <action android:name="android.intent.action.VIEW" />
152-->[com.google.firebase:firebase-auth:21.0.6] AndroidManifest.xml:34:17-69
152-->[com.google.firebase:firebase-auth:21.0.6] AndroidManifest.xml:34:25-66
153
154                <category android:name="android.intent.category.DEFAULT" />
154-->[com.google.firebase:firebase-auth:21.0.6] AndroidManifest.xml:36:17-76
154-->[com.google.firebase:firebase-auth:21.0.6] AndroidManifest.xml:36:27-73
155                <category android:name="android.intent.category.BROWSABLE" />
155-->[com.google.firebase:firebase-auth:21.0.6] AndroidManifest.xml:37:17-78
155-->[com.google.firebase:firebase-auth:21.0.6] AndroidManifest.xml:37:27-75
156
157                <data
157-->[com.google.firebase:firebase-auth:21.0.6] AndroidManifest.xml:39:17-42:51
158                    android:host="firebase.auth"
158-->[com.google.firebase:firebase-auth:21.0.6] AndroidManifest.xml:40:21-49
159                    android:path="/"
159-->[com.google.firebase:firebase-auth:21.0.6] AndroidManifest.xml:41:21-37
160                    android:scheme="recaptcha" />
160-->[com.google.firebase:firebase-auth:21.0.6] AndroidManifest.xml:42:21-48
161            </intent-filter>
162        </activity>
163
164        <provider
164-->[com.google.firebase:firebase-common:20.1.1] AndroidManifest.xml:26:9-31:39
165            android:name="com.google.firebase.provider.FirebaseInitProvider"
165-->[com.google.firebase:firebase-common:20.1.1] AndroidManifest.xml:27:13-77
166            android:authorities="com.example.shop_admin.firebaseinitprovider"
166-->[com.google.firebase:firebase-common:20.1.1] AndroidManifest.xml:28:13-72
167            android:directBootAware="true"
167-->[com.google.firebase:firebase-common:20.1.1] AndroidManifest.xml:29:13-43
168            android:exported="false"
168-->[com.google.firebase:firebase-common:20.1.1] AndroidManifest.xml:30:13-37
169            android:initOrder="100" />
169-->[com.google.firebase:firebase-common:20.1.1] AndroidManifest.xml:31:13-36
170
171        <receiver
171-->[com.google.android.gms:play-services-measurement:21.1.0] AndroidManifest.xml:29:9-33:20
172            android:name="com.google.android.gms.measurement.AppMeasurementReceiver"
172-->[com.google.android.gms:play-services-measurement:21.1.0] AndroidManifest.xml:30:13-85
173            android:enabled="true"
173-->[com.google.android.gms:play-services-measurement:21.1.0] AndroidManifest.xml:31:13-35
174            android:exported="false" >
174-->[com.google.android.gms:play-services-measurement:21.1.0] AndroidManifest.xml:32:13-37
175        </receiver>
176
177        <service
177-->[com.google.android.gms:play-services-measurement:21.1.0] AndroidManifest.xml:35:9-38:40
178            android:name="com.google.android.gms.measurement.AppMeasurementService"
178-->[com.google.android.gms:play-services-measurement:21.1.0] AndroidManifest.xml:36:13-84
179            android:enabled="true"
179-->[com.google.android.gms:play-services-measurement:21.1.0] AndroidManifest.xml:37:13-35
180            android:exported="false" />
180-->[com.google.android.gms:play-services-measurement:21.1.0] AndroidManifest.xml:38:13-37
181        <service
181-->[com.google.android.gms:play-services-measurement:21.1.0] AndroidManifest.xml:39:9-43:72
182            android:name="com.google.android.gms.measurement.AppMeasurementJobService"
182-->[com.google.android.gms:play-services-measurement:21.1.0] AndroidManifest.xml:40:13-87
183            android:enabled="true"
183-->[com.google.android.gms:play-services-measurement:21.1.0] AndroidManifest.xml:41:13-35
184            android:exported="false"
184-->[com.google.android.gms:play-services-measurement:21.1.0] AndroidManifest.xml:42:13-37
185            android:permission="android.permission.BIND_JOB_SERVICE" />
185-->[com.google.android.gms:play-services-measurement:21.1.0] AndroidManifest.xml:43:13-69
186
187        <activity
187-->[com.google.android.gms:play-services-base:18.0.1] AndroidManifest.xml:20:9-22:45
188            android:name="com.google.android.gms.common.api.GoogleApiActivity"
188-->[com.google.android.gms:play-services-base:18.0.1] AndroidManifest.xml:20:19-85
189            android:exported="false"
189-->[com.google.android.gms:play-services-base:18.0.1] AndroidManifest.xml:22:19-43
190            android:theme="@android:style/Theme.Translucent.NoTitleBar" />
190-->[com.google.android.gms:play-services-base:18.0.1] AndroidManifest.xml:21:19-78
191
192        <meta-data
192-->[com.google.android.gms:play-services-basement:18.0.0] AndroidManifest.xml:21:9-23:69
193            android:name="com.google.android.gms.version"
193-->[com.google.android.gms:play-services-basement:18.0.0] AndroidManifest.xml:22:13-58
194            android:value="@integer/google_play_services_version" />
194-->[com.google.android.gms:play-services-basement:18.0.0] AndroidManifest.xml:23:13-66
195    </application>
196
197</manifest>